Change Component Designator: Old Designator=C? New Designator=C1B
Change Component Designator: Old Designator=C? New Designator=C2B
Change Component Designator: Old Designator=C? New Designator=C3B
Change Component Designator: Old Designator=C? New Designator=C4B
Change Component Designator: Old Designator=C? New Designator=C5B
Change Component Designator: Old Designator=C? New Designator=C6B
Change Component Designator: Old Designator=DA? New Designator=DA1B
Change Component Designator: Old Designator=DD? New Designator=DD1B
Change Component Designator: Old Designator=L? New Designator=L1B
Change Component Designator: Old Designator=R? New Designator=R1B
Change Component Designator: Old Designator=R? New Designator=R2B
Change Component Designator: Old Designator=R? New Designator=R3B
Change Component Designator: Old Designator=R? New Designator=R4B
Change Component Designator: Old Designator=R? New Designator=R5B
Change Component Designator: Old Designator=R? New Designator=R6B
Change Component Designator: Old Designator=R? New Designator=R7B
Change Component Designator: Old Designator=R? New Designator=R8B
Change Component Designator: Old Designator=R? New Designator=R9B
Change Component Designator: Old Designator=R? New Designator=R10B
Change Component Designator: Old Designator=R? New Designator=R11B
Change Component Designator: Old Designator=R? New Designator=R12B
Change Component Designator: Old Designator=R? New Designator=R13B
Change Component Designator: Old Designator=R? New Designator=R14B
Change Component Designator: Old Designator=R? New Designator=R15B
Change Component Designator: Old Designator=R? New Designator=R16B
Change Component Designator: Old Designator=R? New Designator=R17B
Change Component Designator: Old Designator=R? New Designator=R18B
Change Component Designator: Old Designator=R? New Designator=R19B
Change Component Designator: Old Designator=R? New Designator=R20B
Change Component Designator: Old Designator=SW? New Designator=SW1B
Change Component Designator: Old Designator=VD? New Designator=VD1B
Change Component Designator: Old Designator=VD? New Designator=VD2B
Change Component Designator: Old Designator=VD? New Designator=VD3B
Change Component Designator: Old Designator=VD? New Designator=VD4B
Change Component Designator: Old Designator=VD? New Designator=VD5B
Change Component Designator: Old Designator=VD? New Designator=VD6B
Change Component Designator: Old Designator=VD? New Designator=VD7B
Change Component Designator: Old Designator=VD? New Designator=VD8B
Change Component Designator: Old Designator=VD? New Designator=VD9B
Change Component Designator: Old Designator=VD? New Designator=VD10B
Change Component Designator: Old Designator=VD? New Designator=VD11B
Change Component Designator: Old Designator=VD? New Designator=VD12B
Change Component Designator: Old Designator=VT? New Designator=VT1B
Change Component Designator: Old Designator=VT? New Designator=VT2B
Change Component Designator: Old Designator=VT? New Designator=VT3B
Change Component Designator: Old Designator=VT? New Designator=VT4B
Change Component Designator: Old Designator=VT? New Designator=VT5B
Change Component Designator: Old Designator=VT? New Designator=VT6B
