Change Component Designator: Old Designator=C1B New Designator=C?
Change Component Designator: Old Designator=C2B New Designator=C?
Change Component Designator: Old Designator=C3B New Designator=C?
Change Component Designator: Old Designator=C4B New Designator=C?
Change Component Designator: Old Designator=C5B New Designator=C?
Change Component Designator: Old Designator=C6B New Designator=C?
Change Component Designator: Old Designator=DA1B New Designator=DA?
Change Component Designator: Old Designator=DD1B New Designator=DD?
Change Component Designator: Old Designator=L1B New Designator=L?
Change Component Designator: Old Designator=R1B New Designator=R?
Change Component Designator: Old Designator=R2B New Designator=R?
Change Component Designator: Old Designator=R3B New Designator=R?
Change Component Designator: Old Designator=R4B New Designator=R?
Change Component Designator: Old Designator=R5B New Designator=R?
Change Component Designator: Old Designator=R6B New Designator=R?
Change Component Designator: Old Designator=R7B New Designator=R?
Change Component Designator: Old Designator=R8B New Designator=R?
Change Component Designator: Old Designator=R9B New Designator=R?
Change Component Designator: Old Designator=R10B New Designator=R?
Change Component Designator: Old Designator=R11B New Designator=R?
Change Component Designator: Old Designator=R12B New Designator=R?
Change Component Designator: Old Designator=R13B New Designator=R?
Change Component Designator: Old Designator=R14B New Designator=R?
Change Component Designator: Old Designator=R15B New Designator=R?
Change Component Designator: Old Designator=R16B New Designator=R?
Change Component Designator: Old Designator=R17B New Designator=R?
Change Component Designator: Old Designator=R18B New Designator=R?
Change Component Designator: Old Designator=R19B New Designator=R?
Change Component Designator: Old Designator=R20B New Designator=R?
Change Component Designator: Old Designator=SW1B New Designator=SW?
Change Component Designator: Old Designator=VD1B New Designator=VD?
Change Component Designator: Old Designator=VD2B New Designator=VD?
Change Component Designator: Old Designator=VD3B New Designator=VD?
Change Component Designator: Old Designator=VD4B New Designator=VD?
Change Component Designator: Old Designator=VD5B New Designator=VD?
Change Component Designator: Old Designator=VD6B New Designator=VD?
Change Component Designator: Old Designator=VD7B New Designator=VD?
Change Component Designator: Old Designator=VD8B New Designator=VD?
Change Component Designator: Old Designator=VD9B New Designator=VD?
Change Component Designator: Old Designator=VD10B New Designator=VD?
Change Component Designator: Old Designator=VD11B New Designator=VD?
Change Component Designator: Old Designator=VD12B New Designator=VD?
Change Component Designator: Old Designator=VT1B New Designator=VT?
Change Component Designator: Old Designator=VT2B New Designator=VT?
Change Component Designator: Old Designator=VT3B New Designator=VT?
Change Component Designator: Old Designator=VT4B New Designator=VT?
Change Component Designator: Old Designator=VT5B New Designator=VT?
Change Component Designator: Old Designator=VT6B New Designator=VT?
